#
# There is insufficient memory for the Java Runtime Environment to continue.
# Native memory allocation (malloc) failed to allocate 1048576 bytes. Error detail: AllocateHeap
# Possible reasons:
#   The system is out of physical RAM or swap space
#   This process is running with CompressedOops enabled, and the Java Heap may be blocking the growth of the native heap
# Possible solutions:
#   Reduce memory load on the system
#   Increase physical memory or swap space
#   Check if swap backing store is full
#   Decrease Java heap size (-Xmx/-Xms)
#   Decrease number of Java threads
#   Decrease Java thread stack sizes (-Xss)
#   Set larger code cache with -XX:ReservedCodeCacheSize=
#   JVM is running with Unscaled Compressed Oops mode in which the Java heap is
#     placed in the first 4GB address space. The Java Heap base address is the
#     maximum limit for the native heap growth. Please use -XX:HeapBaseMinAddress
#     to set the Java Heap base and to place the Java Heap above 4GB virtual address.
# This output file may be truncated or incomplete.
#
#  Out of Memory Error (allocation.cpp:44), pid=21700, tid=23580
#
# JRE version: OpenJDK Runtime Environment Temurin-21.0.8+9 (21.0.8+9) (build 21.0.8+9-LTS)
# Java VM: OpenJDK 64-Bit Server VM Temurin-21.0.8+9 (21.0.8+9-LTS, mixed mode, sharing, tiered, compressed oops, compressed class ptrs, parallel gc, windows-amd64)
# No core dump will be written. Minidumps are not enabled by default on client versions of Windows
#

---------------  S U M M A R Y ------------

Command Line: --add-modules=ALL-SYSTEM --add-opens=java.base/java.util=ALL-UNNAMED --add-opens=java.base/java.lang=ALL-UNNAMED --add-opens=java.base/sun.nio.fs=ALL-UNNAMED -Declipse.application=org.eclipse.jdt.ls.core.id1 -Dosgi.bundles.defaultStartLevel=4 -Declipse.product=org.eclipse.jdt.ls.core.product -Djava.import.generatesMetadataFilesAtProjectRoot=false -DDetectVMInstallationsJob.disabled=true -Dfile.encoding=utf8 -XX:+UseParallelGC -XX:GCTimeRatio=4 -XX:AdaptiveSizePolicyWeight=90 -Dsun.zip.disableMemoryMapping=true -Xmx2G -Xms100m -Xlog:disable -javaagent:c:\Users\user\.windsurf\extensions\redhat.java-1.47.0-win32-x64\lombok\lombok-1.18.39-4050.jar -XX:+HeapDumpOnOutOfMemoryError -XX:HeapDumpPath=c:\Users\user\AppData\Roaming\Windsurf\User\workspaceStorage\7b5274296681edee54822878c8d17cec\redhat.java -Daether.dependencyCollector.impl=bf c:\Users\user\.windsurf\extensions\redhat.java-1.47.0-win32-x64\server\plugins\org.eclipse.equinox.launcher_1.7.100.v20251014-1222.jar -configuration c:\Users\user\AppData\Roaming\Windsurf\User\globalStorage\redhat.java\1.47.0\config_win -data c:\Users\user\AppData\Roaming\Windsurf\User\workspaceStorage\7b5274296681edee54822878c8d17cec\redhat.java\jdt_ws --pipe=\\.\pipe\lsp-3aee655e9c472577860276eb9f4d2d70-sock

Host: 11th Gen Intel(R) Core(TM) i7-1165G7 @ 2.80GHz, 8 cores, 15G,  Windows 11 , 64 bit Build 26100 (10.0.26100.6725)
Time: Fri Nov  7 21:01:04 2025 Afr. centrale Ouest elapsed time: 96699.769289 seconds (1d 2h 51m 39s)

---------------  T H R E A D  ---------------

Current thread (0x000002090fb92760):  JavaThread "Attach Listener" daemon [_thread_in_vm, id=23580, stack(0x0000008522100000,0x0000008522200000) (1024K)]

Stack: [0x0000008522100000,0x0000008522200000]
Native frames: (J=compiled Java code, j=interpreted, Vv=VM code, C=native code)
V  [jvm.dll+0x6d2449]
V  [jvm.dll+0x8ae341]
V  [jvm.dll+0x8b08be]
V  [jvm.dll+0x8b0fa3]
V  [jvm.dll+0x280c96]
V  [jvm.dll+0xc0347]
V  [jvm.dll+0x6d2cf9]
V  [jvm.dll+0x131116]
V  [jvm.dll+0x3f2d16]
V  [jvm.dll+0x857e6b]
V  [jvm.dll+0x6d0b0d]
C  [ucrtbase.dll+0x37b0]
C  [KERNEL32.DLL+0x2e8d7]
C  [ntdll.dll+0x8c53c]


---------------  P R O C E S S  ---------------

Threads class SMR info:
_java_thread_list=0x00000209711f3e40, length=34, elements={
0x000002090fc1db40, 0x000002090fb8d870, 0x000002090fb90e20, 0x000002090fb91a70,
0x000002090fb92760, 0x000002090fb96780, 0x000002090fb9d060, 0x000002090fbab000,
0x000002090fbce710, 0x000002096d0ca240, 0x000002096d3194a0, 0x000002096d839b70,
0x000002096d87f020, 0x000002096d7bcd20, 0x000002096d18fb00, 0x000002096d97e2d0,
0x000002096d5b9310, 0x000002096d261da0, 0x000002096e4ec220, 0x000002096e77d980,
0x000002096e7800e0, 0x000002096e77fa50, 0x000002096e77cc60, 0x000002096e77e010,
0x00000209701ac200, 0x00000209701abb70, 0x00000209701ad5b0, 0x00000209701ab4e0,
0x00000209701ac890, 0x00000209701acf20, 0x00000209701adc40, 0x00000209701ae2d0,
0x00000209701aae50, 0x00000209701af680
}

Java Threads: ( => current thread )
  0x000002090fc1db40 JavaThread "main"                              [_thread_blocked, id=1964, stack(0x0000008521a00000,0x0000008521b00000) (1024K)]
  0x000002090fb8d870 JavaThread "Reference Handler"          daemon [_thread_blocked, id=23568, stack(0x0000008521e00000,0x0000008521f00000) (1024K)]
  0x000002090fb90e20 JavaThread "Finalizer"                  daemon [_thread_blocked, id=23572, stack(0x0000008521f00000,0x0000008522000000) (1024K)]
  0x000002090fb91a70 JavaThread "Signal Dispatcher"          daemon [_thread_blocked, id=23576, stack(0x0000008522000000,0x0000008522100000) (1024K)]
=>0x000002090fb92760 JavaThread "Attach Listener"            daemon [_thread_in_vm, id=23580, stack(0x0000008522100000,0x0000008522200000) (1024K)]
  0x000002090fb96780 JavaThread "Service Thread"             daemon [_thread_blocked, id=23584, stack(0x0000008522200000,0x0000008522300000) (1024K)]
  0x000002090fb9d060 JavaThread "Monitor Deflation Thread"   daemon [_thread_blocked, id=23588, stack(0x0000008522300000,0x0000008522400000) (1024K)]
  0x000002090fbab000 JavaThread "C2 CompilerThread0"         daemon [_thread_blocked, id=23592, stack(0x0000008522400000,0x0000008522500000) (1024K)]
  0x000002090fbce710 JavaThread "C1 CompilerThread0"         daemon [_thread_blocked, id=23596, stack(0x0000008522500000,0x0000008522600000) (1024K)]
  0x000002096d0ca240 JavaThread "Common-Cleaner"             daemon [_thread_blocked, id=23600, stack(0x0000008522600000,0x0000008522700000) (1024K)]
  0x000002096d3194a0 JavaThread "Notification Thread"        daemon [_thread_blocked, id=23704, stack(0x0000008522700000,0x0000008522800000) (1024K)]
  0x000002096d839b70 JavaThread "Active Thread: Equinox Container: 89ad66e6-ea8e-47f6-9678-d592bf695c4a"        [_thread_blocked, id=24180, stack(0x0000008522800000,0x0000008522900000) (1024K)]
  0x000002096d87f020 JavaThread "Refresh Thread: Equinox Container: 89ad66e6-ea8e-47f6-9678-d592bf695c4a" daemon [_thread_blocked, id=23248, stack(0x0000008522f00000,0x0000008523000000) (1024K)]
  0x000002096d7bcd20 JavaThread "Framework Event Dispatcher: Equinox Container: 89ad66e6-ea8e-47f6-9678-d592bf695c4a" daemon [_thread_blocked, id=21472, stack(0x0000008523100000,0x0000008523200000) (1024K)]
  0x000002096d18fb00 JavaThread "Start Level: Equinox Container: 89ad66e6-ea8e-47f6-9678-d592bf695c4a" daemon [_thread_blocked, id=720, stack(0x0000008523200000,0x0000008523300000) (1024K)]
  0x000002096d97e2d0 JavaThread "Bundle File Closer"         daemon [_thread_blocked, id=24104, stack(0x0000008523300000,0x0000008523400000) (1024K)]
  0x000002096d5b9310 JavaThread "SCR Component Actor"        daemon [_thread_blocked, id=14368, stack(0x0000008521800000,0x0000008521900000) (1024K)]
  0x000002096d261da0 JavaThread "Worker-JM"                         [_thread_blocked, id=14460, stack(0x0000008523400000,0x0000008523500000) (1024K)]
  0x000002096e4ec220 JavaThread "JNA Cleaner"                daemon [_thread_blocked, id=15068, stack(0x0000008523600000,0x0000008523700000) (1024K)]
  0x000002096e77d980 JavaThread "Java indexing"              daemon [_thread_blocked, id=23636, stack(0x0000008523900000,0x0000008523a00000) (1024K)]
  0x000002096e7800e0 JavaThread "Worker-2"                          [_thread_blocked, id=21900, stack(0x0000008523c00000,0x0000008523d00000) (1024K)]
  0x000002096e77fa50 JavaThread "Worker-3"                          [_thread_blocked, id=15268, stack(0x0000008523d00000,0x0000008523e00000) (1024K)]
  0x000002096e77cc60 JavaThread "Thread-1"                   daemon [_thread_in_native, id=23836, stack(0x0000008524000000,0x0000008524100000) (1024K)]
  0x000002096e77e010 JavaThread "Thread-2"                   daemon [_thread_in_native, id=24136, stack(0x0000008524100000,0x0000008524200000) (1024K)]
  0x00000209701ac200 JavaThread "Thread-3"                   daemon [_thread_in_native, id=24292, stack(0x0000008524200000,0x0000008524300000) (1024K)]
  0x00000209701abb70 JavaThread "Thread-4"                   daemon [_thread_in_native, id=24252, stack(0x0000008524300000,0x0000008524400000) (1024K)]
  0x00000209701ad5b0 JavaThread "Thread-5"                   daemon [_thread_in_native, id=24172, stack(0x0000008524400000,0x0000008524500000) (1024K)]
  0x00000209701ab4e0 JavaThread "Thread-6"                   daemon [_thread_in_native, id=24420, stack(0x0000008524500000,0x0000008524600000) (1024K)]
  0x00000209701ac890 JavaThread "Thread-7"                   daemon [_thread_in_native, id=11288, stack(0x0000008524600000,0x0000008524700000) (1024K)]
  0x00000209701acf20 JavaThread "Thread-8"                   daemon [_thread_in_native, id=620, stack(0x0000008524700000,0x0000008524800000) (1024K)]
  0x00000209701adc40 JavaThread "Thread-9"                   daemon [_thread_in_native, id=24212, stack(0x0000008524800000,0x0000008524900000) (1024K)]
  0x00000209701ae2d0 JavaThread "pool-2-thread-1"                   [_thread_blocked, id=24296, stack(0x0000008524900000,0x0000008524a00000) (1024K)]
  0x00000209701aae50 JavaThread "WorkspaceEventsHandler"            [_thread_blocked, id=10696, stack(0x0000008524b00000,0x0000008524c00000) (1024K)]
  0x00000209701af680 JavaThread "pool-1-thread-1"                   [_thread_blocked, id=18224, stack(0x0000008524c00000,0x0000008524d00000) (1024K)]
Total: 34

Other Threads:
  0x000002090fb71470 VMThread "VM Thread"                           [id=23560, stack(0x0000008521d00000,0x0000008521e00000) (1024K)]
  0x000002090fc854f0 WatcherThread "VM Periodic Task Thread"        [id=23556, stack(0x0000008521c00000,0x0000008521d00000) (1024K)]
  0x000002090fc3af40 WorkerThread "GC Thread#0"                     [id=20564, stack(0x0000008521b00000,0x0000008521c00000) (1024K)]
  0x000002096da63920 WorkerThread "GC Thread#1"                     [id=23972, stack(0x0000008522900000,0x0000008522a00000) (1024K)]
  0x000002096da63cc0 WorkerThread "GC Thread#2"                     [id=23976, stack(0x0000008522a00000,0x0000008522b00000) (1024K)]
  0x000002096d9eea00 WorkerThread "GC Thread#3"                     [id=23980, stack(0x0000008522b00000,0x0000008522c00000) (1024K)]
  0x000002096d9e9360 WorkerThread "GC Thread#4"                     [id=23984, stack(0x0000008522c00000,0x0000008522d00000) (1024K)]
  0x000002096d9e9700 WorkerThread "GC Thread#5"                     [id=23988, stack(0x0000008522d00000,0x0000008522e00000) (1024K)]
  0x000002096d9e9aa0 WorkerThread "GC Thread#6"                     [id=23992, stack(0x0000008522e00000,0x0000008522f00000) (1024K)]
  0x000002096d5f6460 WorkerThread "GC Thread#7"                     [id=14968, stack(0x0000008523000000,0x0000008523100000) (1024K)]
Total: 10

Threads with active compile tasks:
Total: 0

VM state: not at safepoint (normal execution)

VM Mutex/Monitor currently owned by a thread: None

Heap address: 0x0000000080000000, size: 2048 MB, Compressed Oops mode: 32-bit

CDS archive(s) mapped at: [0x0000020927000000-0x0000020927ba0000-0x0000020927ba0000), size 12189696, SharedBaseAddress: 0x0000020927000000, ArchiveRelocationMode: 1.
Compressed class space mapped at: 0x0000020928000000-0x0000020968000000, reserved size: 1073741824
Narrow klass base: 0x0000020927000000, Narrow klass shift: 0, Narrow klass range: 0x100000000

GC Precious Log:
 CardTable entry size: 512
 CPUs: 8 total, 8 available
 Memory: 16167M
 Large Page Support: Disabled
 NUMA Support: Disabled
 Compressed Oops: Enabled (32-bit)
 Alignments: Space 512K, Generation 512K, Heap 2M
 Heap Min Capacity: 100M
 Heap Initial Capacity: 100M
 Heap Max Capacity: 2G
 Pre-touch: Disabled
 Parallel Workers: 8

Heap:
 PSYoungGen      total 18432K, used 6675K [0x00000000d5580000, 0x00000000d6b80000, 0x0000000100000000)
  eden space 17408K, 32% used [0x00000000d5580000,0x00000000d5b0b728,0x00000000d6680000)
  from space 1024K, 97% used [0x00000000d6900000,0x00000000d69f9630,0x00000000d6a00000)
  to   space 2560K, 0% used [0x00000000d6680000,0x00000000d6680000,0x00000000d6900000)
 ParOldGen       total 68608K, used 46894K [0x0000000080000000, 0x0000000084300000, 0x00000000d5580000)
  object space 68608K, 68% used [0x0000000080000000,0x0000000082dcb868,0x0000000084300000)
 Metaspace       used 57390K, committed 58688K, reserved 1114112K
  class space    used 6100K, committed 6656K, reserved 1048576K

Card table byte_map: [0x000002090f5c0000,0x000002090f9d0000] _byte_map_base: 0x000002090f1c0000

Marking Bits: (ParMarkBitMap*) 0x00007ffc4d56a340
 Begin Bits: [0x00000209220c0000, 0x00000209240c0000)
 End Bits:   [0x00000209240c0000, 0x00000209260c0000)

Polling page: 0x000002090da20000

Metaspace:

Usage:
  Non-class:     50.09 MB used.
      Class:      5.96 MB used.
       Both:     56.04 MB used.

Virtual space:
  Non-class space:       64.00 MB reserved,      50.81 MB ( 79%) committed,  1 nodes.
      Class space:        1.00 GB reserved,       6.50 MB ( <1%) committed,  1 nodes.
             Both:        1.06 GB reserved,      57.31 MB (  5%) committed. 

Chunk freelists:
   Non-Class:  13.16 MB
       Class:  9.37 MB
        Both:  22.53 MB

MaxMetaspaceSize: unlimited
CompressedClassSpaceSize: 1.00 GB
Initial GC threshold: 21.00 MB
Current GC threshold: 58.38 MB
CDS: on
 - commit_granule_bytes: 65536.
 - commit_granule_words: 8192.
 - virtual_space_node_default_size: 8388608.
 - enlarge_chunks_in_place: 1.
 - use_allocation_guard: 0.


Internal statistics:

num_allocs_failed_limit: 6.
num_arena_births: 902.
num_arena_deaths: 14.
num_vsnodes_births: 2.
num_vsnodes_deaths: 0.
num_space_committed: 917.
num_space_uncommitted: 0.
num_chunks_returned_to_freelist: 20.
num_chunks_taken_from_freelist: 3432.
num_chunk_merges: 10.
num_chunk_splits: 2159.
num_chunks_enlarged: 1328.
num_inconsistent_stats: 0.

CodeHeap 'non-profiled nmethods': size=120000Kb used=5117Kb max_used=5117Kb free=114882Kb
 bounds [0x000002091a8e0000, 0x000002091ade0000, 0x0000020921e10000]
CodeHeap 'profiled nmethods': size=120000Kb used=16391Kb max_used=16391Kb free=103609Kb
 bounds [0x0000020912e10000, 0x0000020913e20000, 0x000002091a340000]
CodeHeap 'non-nmethods': size=5760Kb used=1428Kb max_used=1496Kb free=4331Kb
 bounds [0x000002091a340000, 0x000002091a5b0000, 0x000002091a8e0000]
CodeCache: size=245760Kb, used=22936Kb, max_used=23004Kb, free=222822Kb
 total_blobs=8152, nmethods=7420, adapters=638, full_count=0
Compilation: enabled, stopped_count=0, restarted_count=0

Compilation events (20 events):
Event: 92295.112 Thread 0x000002090fbab000 8041       4       java.util.concurrent.locks.AbstractQueuedSynchronizer$ConditionObject::canReacquire (38 bytes)
Event: 92295.117 Thread 0x000002090fbab000 nmethod 8041 0x000002091addb810 code [0x000002091addb9a0, 0x000002091addba70]
Event: 92397.439 Thread 0x000002090fbce710 8042       3       org.eclipse.core.internal.jobs.InternalJob::internalSetState (15 bytes)
Event: 92397.465 Thread 0x000002090fbce710 nmethod 8042 0x0000020913e10c90 code [0x0000020913e10e20, 0x0000020913e10f40]
Event: 93297.469 Thread 0x000002090fbab000 8043       4       org.eclipse.core.internal.resources.MarkerSet::shareStrings (57 bytes)
Event: 93297.518 Thread 0x000002090fbab000 nmethod 8043 0x000002091addbb10 code [0x000002091addbd80, 0x000002091addca60]
Event: 94197.491 Thread 0x000002090fbce710 8044       3       org.eclipse.core.internal.resources.Resource::equals (69 bytes)
Event: 94197.516 Thread 0x000002090fbce710 nmethod 8044 0x0000020913e11010 code [0x0000020913e11220, 0x0000020913e11a18]
Event: 94197.516 Thread 0x000002090fbce710 8045       1       org.eclipse.core.internal.jobs.InternalJob::setThread (6 bytes)
Event: 94197.519 Thread 0x000002090fbce710 nmethod 8045 0x000002091addd490 code [0x000002091addd620, 0x000002091addd708]
Event: 95097.794 Thread 0x000002090fbce710 8046       1       org.eclipse.core.internal.jobs.InternalJob::setProgressMonitor (6 bytes)
Event: 95097.849 Thread 0x000002090fbce710 nmethod 8046 0x000002091addd790 code [0x000002091addd920, 0x000002091addda08]
Event: 95327.340 Thread 0x000002090fbab000 8048       4       java.util.concurrent.TimeUnit::convert (73 bytes)
Event: 95327.361 Thread 0x000002090fbab000 nmethod 8048 0x000002091addda90 code [0x000002091adddc40, 0x000002091addddd0]
Event: 95834.459 Thread 0x000002090fbce710 8049       1       java.nio.DirectByteBuffer::cleaner (5 bytes)
Event: 95834.465 Thread 0x000002090fbce710 nmethod 8049 0x000002091adddf10 code [0x000002091adde0a0, 0x000002091adde168]
Event: 95834.982 Thread 0x000002090fbab000 8050       4       java.lang.invoke.MethodHandle::asTypeUncached (54 bytes)
Event: 95835.107 Thread 0x000002090fbab000 nmethod 8050 0x000002091adde210 code [0x000002091adde420, 0x000002091adde848]
Event: 95835.107 Thread 0x000002090fbab000 8051       4       java.lang.invoke.MethodType::isConvertibleTo (164 bytes)
Event: 95835.111 Thread 0x000002090fbab000 nmethod 8051 0x000002091addec90 code [0x000002091addee80, 0x000002091addf1b0]

GC Heap History (20 events):
Event: 74.708 GC heap before
{Heap before GC invocations=39 (full 2):
 PSYoungGen      total 18432K, used 18424K [0x00000000d5580000, 0x00000000d6a80000, 0x0000000100000000)
  eden space 17408K, 100% used [0x00000000d5580000,0x00000000d6680000,0x00000000d6680000)
  from space 1024K, 99% used [0x00000000d6900000,0x00000000d69fe2e0,0x00000000d6a00000)
  to   space 2048K, 0% used [0x00000000d6680000,0x00000000d6680000,0x00000000d6880000)
 ParOldGen       total 68608K, used 38723K [0x0000000080000000, 0x0000000084300000, 0x00000000d5580000)
  object space 68608K, 56% used [0x0000000080000000,0x00000000825d0ee8,0x0000000084300000)
 Metaspace       used 54706K, committed 56000K, reserved 1114112K
  class space    used 5880K, committed 6400K, reserved 1048576K
}
Event: 74.709 GC heap after
{Heap after GC invocations=39 (full 2):
 PSYoungGen      total 18432K, used 790K [0x00000000d5580000, 0x00000000d6980000, 0x0000000100000000)
  eden space 17408K, 0% used [0x00000000d5580000,0x00000000d5580000,0x00000000d6680000)
  from space 1024K, 77% used [0x00000000d6680000,0x00000000d6745a50,0x00000000d6780000)
  to   space 1536K, 0% used [0x00000000d6800000,0x00000000d6800000,0x00000000d6980000)
 ParOldGen       total 68608K, used 39751K [0x0000000080000000, 0x0000000084300000, 0x00000000d5580000)
  object space 68608K, 57% used [0x0000000080000000,0x00000000826d1eb0,0x0000000084300000)
 Metaspace       used 54706K, committed 56000K, reserved 1114112K
  class space    used 5880K, committed 6400K, reserved 1048576K
}
Event: 74.763 GC heap before
{Heap before GC invocations=40 (full 2):
 PSYoungGen      total 18432K, used 18198K [0x00000000d5580000, 0x00000000d6980000, 0x0000000100000000)
  eden space 17408K, 100% used [0x00000000d5580000,0x00000000d6680000,0x00000000d6680000)
  from space 1024K, 77% used [0x00000000d6680000,0x00000000d6745a50,0x00000000d6780000)
  to   space 1536K, 0% used [0x00000000d6800000,0x00000000d6800000,0x00000000d6980000)
 ParOldGen       total 68608K, used 39751K [0x0000000080000000, 0x0000000084300000, 0x00000000d5580000)
  object space 68608K, 57% used [0x0000000080000000,0x00000000826d1eb0,0x0000000084300000)
 Metaspace       used 55272K, committed 56576K, reserved 1114112K
  class space    used 5925K, committed 6464K, reserved 1048576K
}
Event: 74.764 GC heap after
{Heap after GC invocations=40 (full 2):
 PSYoungGen      total 17920K, used 192K [0x00000000d5580000, 0x00000000d6880000, 0x0000000100000000)
  eden space 17408K, 0% used [0x00000000d5580000,0x00000000d5580000,0x00000000d6680000)
  from space 512K, 37% used [0x00000000d6800000,0x00000000d6830000,0x00000000d6880000)
  to   space 512K, 0% used [0x00000000d6780000,0x00000000d6780000,0x00000000d6800000)
 ParOldGen       total 68608K, used 39775K [0x0000000080000000, 0x0000000084300000, 0x00000000d5580000)
  object space 68608K, 57% used [0x0000000080000000,0x00000000826d7eb0,0x0000000084300000)
 Metaspace       used 55272K, committed 56576K, reserved 1114112K
  class space    used 5925K, committed 6464K, reserved 1048576K
}
Event: 74.996 GC heap before
{Heap before GC invocations=41 (full 2):
 PSYoungGen      total 17920K, used 17600K [0x00000000d5580000, 0x00000000d6880000, 0x0000000100000000)
  eden space 17408K, 100% used [0x00000000d5580000,0x00000000d6680000,0x00000000d6680000)
  from space 512K, 37% used [0x00000000d6800000,0x00000000d6830000,0x00000000d6880000)
  to   space 512K, 0% used [0x00000000d6780000,0x00000000d6780000,0x00000000d6800000)
 ParOldGen       total 68608K, used 39775K [0x0000000080000000, 0x0000000084300000, 0x00000000d5580000)
  object space 68608K, 57% used [0x0000000080000000,0x00000000826d7eb0,0x0000000084300000)
 Metaspace       used 56806K, committed 58112K, reserved 1114112K
  class space    used 6064K, committed 6592K, reserved 1048576K
}
Event: 74.998 GC heap after
{Heap after GC invocations=41 (full 2):
 PSYoungGen      total 17920K, used 486K [0x00000000d5580000, 0x00000000d6d80000, 0x0000000100000000)
  eden space 17408K, 0% used [0x00000000d5580000,0x00000000d5580000,0x00000000d6680000)
  from space 512K, 95% used [0x00000000d6780000,0x00000000d67f9b10,0x00000000d6800000)
  to   space 3584K, 0% used [0x00000000d6a00000,0x00000000d6a00000,0x00000000d6d80000)
 ParOldGen       total 68608K, used 42287K [0x0000000080000000, 0x0000000084300000, 0x00000000d5580000)
  object space 68608K, 61% used [0x0000000080000000,0x000000008294bd88,0x0000000084300000)
 Metaspace       used 56806K, committed 58112K, reserved 1114112K
  class space    used 6064K, committed 6592K, reserved 1048576K
}
Event: 75.021 GC heap before
{Heap before GC invocations=42 (full 2):
 PSYoungGen      total 17920K, used 17894K [0x00000000d5580000, 0x00000000d6d80000, 0x0000000100000000)
  eden space 17408K, 100% used [0x00000000d5580000,0x00000000d6680000,0x00000000d6680000)
  from space 512K, 95% used [0x00000000d6780000,0x00000000d67f9b10,0x00000000d6800000)
  to   space 3584K, 0% used [0x00000000d6a00000,0x00000000d6a00000,0x00000000d6d80000)
 ParOldGen       total 68608K, used 42287K [0x0000000080000000, 0x0000000084300000, 0x00000000d5580000)
  object space 68608K, 61% used [0x0000000080000000,0x000000008294bd88,0x0000000084300000)
 Metaspace       used 56895K, committed 58176K, reserved 1114112K
  class space    used 6075K, committed 6592K, reserved 1048576K
}
Event: 75.022 GC heap after
{Heap after GC invocations=42 (full 2):
 PSYoungGen      total 18432K, used 608K [0x00000000d5580000, 0x00000000d6b00000, 0x0000000100000000)
  eden space 17408K, 0% used [0x00000000d5580000,0x00000000d5580000,0x00000000d6680000)
  from space 1024K, 59% used [0x00000000d6a00000,0x00000000d6a98000,0x00000000d6b00000)
  to   space 1536K, 0% used [0x00000000d6800000,0x00000000d6800000,0x00000000d6980000)
 ParOldGen       total 68608K, used 42704K [0x0000000080000000, 0x0000000084300000, 0x00000000d5580000)
  object space 68608K, 62% used [0x0000000080000000,0x00000000829b4350,0x0000000084300000)
 Metaspace       used 56895K, committed 58176K, reserved 1114112K
  class space    used 6075K, committed 6592K, reserved 1048576K
}
Event: 75.042 GC heap before
{Heap before GC invocations=43 (full 2):
 PSYoungGen      total 18432K, used 18016K [0x00000000d5580000, 0x00000000d6b00000, 0x0000000100000000)
  eden space 17408K, 100% used [0x00000000d5580000,0x00000000d6680000,0x00000000d6680000)
  from space 1024K, 59% used [0x00000000d6a00000,0x00000000d6a98000,0x00000000d6b00000)
  to   space 1536K, 0% used [0x00000000d6800000,0x00000000d6800000,0x00000000d6980000)
 ParOldGen       total 68608K, used 42704K [0x0000000080000000, 0x0000000084300000, 0x00000000d5580000)
  object space 68608K, 62% used [0x0000000080000000,0x00000000829b4350,0x0000000084300000)
 Metaspace       used 56895K, committed 58176K, reserved 1114112K
  class space    used 6075K, committed 6592K, reserved 1048576K
}
Event: 75.043 GC heap after
{Heap after GC invocations=43 (full 2):
 PSYoungGen      total 18944K, used 576K [0x00000000d5580000, 0x00000000d6a80000, 0x0000000100000000)
  eden space 17408K, 0% used [0x00000000d5580000,0x00000000d5580000,0x00000000d6680000)
  from space 1536K, 37% used [0x00000000d6800000,0x00000000d6890000,0x00000000d6980000)
  to   space 1024K, 0% used [0x00000000d6980000,0x00000000d6980000,0x00000000d6a80000)
 ParOldGen       total 68608K, used 43144K [0x0000000080000000, 0x0000000084300000, 0x00000000d5580000)
  object space 68608K, 62% used [0x0000000080000000,0x0000000082a22350,0x0000000084300000)
 Metaspace       used 56895K, committed 58176K, reserved 1114112K
  class space    used 6075K, committed 6592K, reserved 1048576K
}
Event: 75.101 GC heap before
{Heap before GC invocations=44 (full 2):
 PSYoungGen      total 18944K, used 17984K [0x00000000d5580000, 0x00000000d6a80000, 0x0000000100000000)
  eden space 17408K, 100% used [0x00000000d5580000,0x00000000d6680000,0x00000000d6680000)
  from space 1536K, 37% used [0x00000000d6800000,0x00000000d6890000,0x00000000d6980000)
  to   space 1024K, 0% used [0x00000000d6980000,0x00000000d6980000,0x00000000d6a80000)
 ParOldGen       total 68608K, used 43144K [0x0000000080000000, 0x0000000084300000, 0x00000000d5580000)
  object space 68608K, 62% used [0x0000000080000000,0x0000000082a22350,0x0000000084300000)
 Metaspace       used 56926K, committed 58176K, reserved 1114112K
  class space    used 6076K, committed 6592K, reserved 1048576K
}
Event: 75.103 GC heap after
{Heap after GC invocations=44 (full 2):
 PSYoungGen      total 18432K, used 544K [0x00000000d5580000, 0x00000000d6a80000, 0x0000000100000000)
  eden space 17408K, 0% used [0x00000000d5580000,0x00000000d5580000,0x00000000d6680000)
  from space 1024K, 53% used [0x00000000d6980000,0x00000000d6a08000,0x00000000d6a80000)
  to   space 1024K, 0% used [0x00000000d6880000,0x00000000d6880000,0x00000000d6980000)
 ParOldGen       total 68608K, used 43600K [0x0000000080000000, 0x0000000084300000, 0x00000000d5580000)
  object space 68608K, 63% used [0x0000000080000000,0x0000000082a94350,0x0000000084300000)
 Metaspace       used 56926K, committed 58176K, reserved 1114112K
  class space    used 6076K, committed 6592K, reserved 1048576K
}
Event: 75.179 GC heap before
{Heap before GC invocations=45 (full 2):
 PSYoungGen      total 18432K, used 17952K [0x00000000d5580000, 0x00000000d6a80000, 0x0000000100000000)
  eden space 17408K, 100% used [0x00000000d5580000,0x00000000d6680000,0x00000000d6680000)
  from space 1024K, 53% used [0x00000000d6980000,0x00000000d6a08000,0x00000000d6a80000)
  to   space 1024K, 0% used [0x00000000d6880000,0x00000000d6880000,0x00000000d6980000)
 ParOldGen       total 68608K, used 43600K [0x0000000080000000, 0x0000000084300000, 0x00000000d5580000)
  object space 68608K, 63% used [0x0000000080000000,0x0000000082a94350,0x0000000084300000)
 Metaspace       used 56926K, committed 58176K, reserved 1114112K
  class space    used 6076K, committed 6592K, reserved 1048576K
}
Event: 75.180 GC heap after
{Heap after GC invocations=45 (full 2):
 PSYoungGen      total 18432K, used 544K [0x00000000d5580000, 0x00000000d6a00000, 0x0000000100000000)
  eden space 17408K, 0% used [0x00000000d5580000,0x00000000d5580000,0x00000000d6680000)
  from space 1024K, 53% used [0x00000000d6880000,0x00000000d6908000,0x00000000d6980000)
  to   space 512K, 0% used [0x00000000d6980000,0x00000000d6980000,0x00000000d6a00000)
 ParOldGen       total 68608K, used 44032K [0x0000000080000000, 0x0000000084300000, 0x00000000d5580000)
  object space 68608K, 64% used [0x0000000080000000,0x0000000082b00360,0x0000000084300000)
 Metaspace       used 56926K, committed 58176K, reserved 1114112K
  class space    used 6076K, committed 6592K, reserved 1048576K
}
Event: 75.248 GC heap before
{Heap before GC invocations=46 (full 2):
 PSYoungGen      total 18432K, used 17952K [0x00000000d5580000, 0x00000000d6a00000, 0x0000000100000000)
  eden space 17408K, 100% used [0x00000000d5580000,0x00000000d6680000,0x00000000d6680000)
  from space 1024K, 53% used [0x00000000d6880000,0x00000000d6908000,0x00000000d6980000)
  to   space 512K, 0% used [0x00000000d6980000,0x00000000d6980000,0x00000000d6a00000)
 ParOldGen       total 68608K, used 44032K [0x0000000080000000, 0x0000000084300000, 0x00000000d5580000)
  object space 68608K, 64% used [0x0000000080000000,0x0000000082b00360,0x0000000084300000)
 Metaspace       used 56933K, committed 58176K, reserved 1114112K
  class space    used 6076K, committed 6592K, reserved 1048576K
}
Event: 75.249 GC heap after
{Heap after GC invocations=46 (full 2):
 PSYoungGen      total 17920K, used 487K [0x00000000d5580000, 0x00000000d6b80000, 0x0000000100000000)
  eden space 17408K, 0% used [0x00000000d5580000,0x00000000d5580000,0x00000000d6680000)
  from space 512K, 95% used [0x00000000d6980000,0x00000000d69f9fe0,0x00000000d6a00000)
  to   space 2560K, 0% used [0x00000000d6680000,0x00000000d6680000,0x00000000d6900000)
 ParOldGen       total 68608K, used 45510K [0x0000000080000000, 0x0000000084300000, 0x00000000d5580000)
  object space 68608K, 66% used [0x0000000080000000,0x0000000082c71840,0x0000000084300000)
 Metaspace       used 56933K, committed 58176K, reserved 1114112K
  class space    used 6076K, committed 6592K, reserved 1048576K
}
Event: 75.268 GC heap before
{Heap before GC invocations=47 (full 2):
 PSYoungGen      total 17920K, used 17895K [0x00000000d5580000, 0x00000000d6b80000, 0x0000000100000000)
  eden space 17408K, 100% used [0x00000000d5580000,0x00000000d6680000,0x00000000d6680000)
  from space 512K, 95% used [0x00000000d6980000,0x00000000d69f9fe0,0x00000000d6a00000)
  to   space 2560K, 0% used [0x00000000d6680000,0x00000000d6680000,0x00000000d6900000)
 ParOldGen       total 68608K, used 45510K [0x0000000080000000, 0x0000000084300000, 0x00000000d5580000)
  object space 68608K, 66% used [0x0000000080000000,0x0000000082c71840,0x0000000084300000)
 Metaspace       used 56933K, committed 58176K, reserved 1114112K
  class space    used 6076K, committed 6592K, reserved 1048576K
}
Event: 75.270 GC heap after
{Heap after GC invocations=47 (full 2):
 PSYoungGen      total 19968K, used 384K [0x00000000d5580000, 0x00000000d6a00000, 0x0000000100000000)
  eden space 17408K, 0% used [0x00000000d5580000,0x00000000d5580000,0x00000000d6680000)
  from space 2560K, 15% used [0x00000000d6680000,0x00000000d66e0000,0x00000000d6900000)
  to   space 1024K, 0% used [0x00000000d6900000,0x00000000d6900000,0x00000000d6a00000)
 ParOldGen       total 68608K, used 46016K [0x0000000080000000, 0x0000000084300000, 0x00000000d5580000)
  object space 68608K, 67% used [0x0000000080000000,0x0000000082cf03e8,0x0000000084300000)
 Metaspace       used 56933K, committed 58176K, reserved 1114112K
  class space    used 6076K, committed 6592K, reserved 1048576K
}
Event: 75.334 GC heap before
{Heap before GC invocations=48 (full 2):
 PSYoungGen      total 19968K, used 17792K [0x00000000d5580000, 0x00000000d6a00000, 0x0000000100000000)
  eden space 17408K, 100% used [0x00000000d5580000,0x00000000d6680000,0x00000000d6680000)
  from space 2560K, 15% used [0x00000000d6680000,0x00000000d66e0000,0x00000000d6900000)
  to   space 1024K, 0% used [0x00000000d6900000,0x00000000d6900000,0x00000000d6a00000)
 ParOldGen       total 68608K, used 46016K [0x0000000080000000, 0x0000000084300000, 0x00000000d5580000)
  object space 68608K, 67% used [0x0000000080000000,0x0000000082cf03e8,0x0000000084300000)
 Metaspace       used 56971K, committed 58240K, reserved 1114112K
  class space    used 6081K, committed 6592K, reserved 1048576K
}
Event: 75.336 GC heap after
{Heap after GC invocations=48 (full 2):
 PSYoungGen      total 18432K, used 997K [0x00000000d5580000, 0x00000000d6b80000, 0x0000000100000000)
  eden space 17408K, 0% used [0x00000000d5580000,0x00000000d5580000,0x00000000d6680000)
  from space 1024K, 97% used [0x00000000d6900000,0x00000000d69f9630,0x00000000d6a00000)
  to   space 2560K, 0% used [0x00000000d6680000,0x00000000d6680000,0x00000000d6900000)
 ParOldGen       total 68608K, used 46894K [0x0000000080000000, 0x0000000084300000, 0x00000000d5580000)
  object space 68608K, 68% used [0x0000000080000000,0x0000000082dcb868,0x0000000084300000)
 Metaspace       used 56971K, committed 58240K, reserved 1114112K
  class space    used 6081K, committed 6592K, reserved 1048576K
}

Dll operation events (10 events):
Event: 0.042 Loaded shared library c:\Users\user\.windsurf\extensions\redhat.java-1.47.0-win32-x64\jre\21.0.8-win32-x86_64\bin\java.dll
Event: 0.291 Loaded shared library c:\Users\user\.windsurf\extensions\redhat.java-1.47.0-win32-x64\jre\21.0.8-win32-x86_64\bin\zip.dll
Event: 0.324 Loaded shared library C:\Users\user\.windsurf\extensions\redhat.java-1.47.0-win32-x64\jre\21.0.8-win32-x86_64\bin\instrument.dll
Event: 0.330 Loaded shared library C:\Users\user\.windsurf\extensions\redhat.java-1.47.0-win32-x64\jre\21.0.8-win32-x86_64\bin\net.dll
Event: 0.333 Loaded shared library C:\Users\user\.windsurf\extensions\redhat.java-1.47.0-win32-x64\jre\21.0.8-win32-x86_64\bin\nio.dll
Event: 0.341 Loaded shared library C:\Users\user\.windsurf\extensions\redhat.java-1.47.0-win32-x64\jre\21.0.8-win32-x86_64\bin\zip.dll
Event: 0.385 Loaded shared library C:\Users\user\.windsurf\extensions\redhat.java-1.47.0-win32-x64\jre\21.0.8-win32-x86_64\bin\jimage.dll
Event: 0.614 Loaded shared library c:\Users\user\.windsurf\extensions\redhat.java-1.47.0-win32-x64\jre\21.0.8-win32-x86_64\bin\verify.dll
Event: 21.354 Loaded shared library C:\Users\user\AppData\Roaming\Windsurf\User\globalStorage\redhat.java\1.47.0\config_win\org.eclipse.equinox.launcher\org.eclipse.equinox.launcher.win32.win32.x86_64_1.2.1400.v20250801-0854\eclipse_11916.dll
Event: 65.676 Loaded shared library C:\Users\user\AppData\Local\Temp\jna-3599307\jna15821835541912654935.dll

Deoptimization events (20 events):
Event: 75.283 Thread 0x000002096e7800e0 DEOPT PACKING pc=0x000002091ad75e70 sp=0x0000008523cfe410
Event: 75.283 Thread 0x000002096e7800e0 DEOPT UNPACKING pc=0x000002091a396da2 sp=0x0000008523cfe3e0 mode 2
Event: 75.283 Thread 0x000002096e7800e0 Uncommon trap: trap_request=0xffffffbe fr.pc=0x000002091ad75e70 relative=0x00000000000025d0
Event: 75.283 Thread 0x000002096e7800e0 Uncommon trap: reason=profile_predicate action=maybe_recompile pc=0x000002091ad75e70 method=org.eclipse.jdt.internal.core.util.DeduplicationUtil.intern(Ljava/util/List;)Ljava/util/List; @ 127 c2
Event: 75.283 Thread 0x000002096e7800e0 DEOPT PACKING pc=0x000002091ad75e70 sp=0x0000008523cfe410
Event: 75.283 Thread 0x000002096e7800e0 DEOPT UNPACKING pc=0x000002091a396da2 sp=0x0000008523cfe3e0 mode 2
Event: 75.337 Thread 0x000002096e7800e0 Uncommon trap: trap_request=0xffffffcc fr.pc=0x000002091ad7d504 relative=0x00000000000029c4
Event: 75.337 Thread 0x000002096e7800e0 Uncommon trap: reason=intrinsic_or_type_checked_inlining action=make_not_entrant pc=0x000002091ad7d504 method=java.util.ArrayList$SubList.toArray([Ljava/lang/Object;)[Ljava/lang/Object; @ 58 c2
Event: 75.337 Thread 0x000002096e7800e0 DEOPT PACKING pc=0x000002091ad7d504 sp=0x0000008523cfb360
Event: 75.337 Thread 0x000002096e7800e0 DEOPT UNPACKING pc=0x000002091a396da2 sp=0x0000008523cfb120 mode 2
Event: 75.351 Thread 0x000002096e7800e0 Uncommon trap: trap_request=0xffffff45 fr.pc=0x000002091ac87238 relative=0x0000000000000098
Event: 75.351 Thread 0x000002096e7800e0 Uncommon trap: reason=unstable_if action=reinterpret pc=0x000002091ac87238 method=java.util.Hashtable$Enumerator.nextElement()Ljava/lang/Object; @ 87 c2
Event: 75.351 Thread 0x000002096e7800e0 DEOPT PACKING pc=0x000002091ac87238 sp=0x0000008523cfe9f0
Event: 75.351 Thread 0x000002096e7800e0 DEOPT UNPACKING pc=0x000002091a396da2 sp=0x0000008523cfe970 mode 2
Event: 365.784 Thread 0x000002096e7800e0 Uncommon trap: trap_request=0xffffff45 fr.pc=0x000002091acc6a80 relative=0x00000000000005e0
Event: 365.784 Thread 0x000002096e7800e0 Uncommon trap: reason=unstable_if action=reinterpret pc=0x000002091acc6a80 method=java.util.HashMap.putVal(ILjava/lang/Object;Ljava/lang/Object;ZZ)Ljava/lang/Object; @ 236 c2
Event: 365.784 Thread 0x000002096e7800e0 DEOPT PACKING pc=0x000002091acc6a80 sp=0x0000008523cfeaf0
Event: 365.784 Thread 0x000002096e7800e0 DEOPT UNPACKING pc=0x000002091a396da2 sp=0x0000008523cfea68 mode 2
Event: 93297.469 Thread 0x000002096e7800e0 DEOPT PACKING pc=0x0000020913df5cab sp=0x0000008523cfeab0
Event: 93297.472 Thread 0x000002096e7800e0 DEOPT UNPACKING pc=0x000002091a3978e2 sp=0x0000008523cfdf20 mode 0

Classes loaded (20 events):
Event: 73.772 Loading class java/util/Hashtable$ValueCollection
Event: 73.772 Loading class java/util/Hashtable$ValueCollection done
Event: 73.852 Loading class java/nio/charset/CharacterCodingException
Event: 73.852 Loading class java/nio/charset/CharacterCodingException done
Event: 73.852 Loading class java/io/SequenceInputStream
Event: 73.852 Loading class java/io/SequenceInputStream done
Event: 73.861 Loading class java/util/regex/PatternSyntaxException
Event: 73.861 Loading class java/util/regex/PatternSyntaxException done
Event: 73.887 Loading class java/util/WeakHashMap$KeyIterator
Event: 73.888 Loading class java/util/WeakHashMap$KeyIterator done
Event: 73.912 Loading class java/lang/UnsupportedClassVersionError
Event: 73.912 Loading class java/lang/UnsupportedClassVersionError done
Event: 74.938 Loading class java/util/concurrent/CompletableFuture$UniApply
Event: 74.938 Loading class java/util/concurrent/CompletableFuture$UniCompletion
Event: 74.938 Loading class java/util/concurrent/CompletableFuture$UniCompletion done
Event: 74.938 Loading class java/util/concurrent/CompletableFuture$UniApply done
Event: 74.938 Loading class java/util/concurrent/CompletableFuture$UniAccept
Event: 74.939 Loading class java/util/concurrent/CompletableFuture$UniAccept done
Event: 74.939 Loading class java/util/concurrent/CompletableFuture$UniExceptionally
Event: 74.939 Loading class java/util/concurrent/CompletableFuture$UniExceptionally done

Classes unloaded (7 events):
Event: 66.238 Thread 0x000002090fb71470 Unloading class 0x00000209281a8800 'java/lang/invoke/LambdaForm$MH+0x00000209281a8800'
Event: 66.238 Thread 0x000002090fb71470 Unloading class 0x00000209281a8400 'java/lang/invoke/LambdaForm$MH+0x00000209281a8400'
Event: 66.238 Thread 0x000002090fb71470 Unloading class 0x00000209281a8000 'java/lang/invoke/LambdaForm$MH+0x00000209281a8000'
Event: 66.238 Thread 0x000002090fb71470 Unloading class 0x00000209281a7c00 'java/lang/invoke/LambdaForm$MH+0x00000209281a7c00'
Event: 66.238 Thread 0x000002090fb71470 Unloading class 0x00000209281a7800 'java/lang/invoke/LambdaForm$BMH+0x00000209281a7800'
Event: 66.238 Thread 0x000002090fb71470 Unloading class 0x00000209281a7400 'java/lang/invoke/LambdaForm$DMH+0x00000209281a7400'
Event: 66.238 Thread 0x000002090fb71470 Unloading class 0x00000209281a6000 'java/lang/invoke/LambdaForm$DMH+0x00000209281a6000'

Classes redefined (0 events):
No events

Internal exceptions (20 events):
Event: 73.873 Thread 0x00000209701af680 Exception <a 'java/lang/NullPointerException'{0x00000000d5c85c88}> (0x00000000d5c85c88) 
thrown [s\src\hotspot\share\interpreter\linkResolver.cpp, line 1372]
Event: 73.927 Thread 0x00000209701af680 Exception <a 'java/lang/NoSuchMethodError'{0x00000000d616c9b8}: 'int java.lang.invoke.Invokers$Holder.invokeExact_MT(java.lang.Object, java.lang.Object)'> (0x00000000d616c9b8) 
thrown [s\src\hotspot\share\interpreter\linkResolver.cpp, line 773]
Event: 74.324 Thread 0x000002096e7800e0 Exception <a 'java/lang/NoSuchMethodError'{0x00000000d63bae30}: 'java.lang.Object java.lang.invoke.DirectMethodHandle$Holder.invokeSpecial(java.lang.Object, java.lang.Object, int, long)'> (0x00000000d63bae30) 
thrown [s\src\hotspot\share\interpreter\linkResolver.cpp, line 773]
Event: 74.414 Thread 0x00000209701af680 Implicit null exception at 0x000002091ad0f76b to 0x000002091ad10444
Event: 74.481 Thread 0x00000209701b1750 Implicit null exception at 0x000002091ac04162 to 0x000002091ac04de4
Event: 74.491 Thread 0x00000209701af680 Exception <a 'java/lang/NoSuchMethodError'{0x00000000d5dff978}: 'int java.lang.invoke.DirectMethodHandle$Holder.invokeSpecialIFC(java.lang.Object, java.lang.Object, java.lang.Object)'> (0x00000000d5dff978) 
thrown [s\src\hotspot\share\interpreter\linkResolver.cpp, line 773]
Event: 74.582 Thread 0x00000209701af680 Implicit null exception at 0x000002091ad167a3 to 0x000002091ad16b08
Event: 74.881 Thread 0x00000209701af680 Exception <a 'java/io/FileNotFoundException'{0x00000000d5b3b200}> (0x00000000d5b3b200) 
thrown [s\src\hotspot\share\prims\jni.cpp, line 520]
Event: 74.882 Thread 0x00000209701af680 Exception <a 'sun/nio/fs/WindowsException'{0x00000000d5b3cdf8}> (0x00000000d5b3cdf8) 
thrown [s\src\hotspot\share\prims\jni.cpp, line 520]
Event: 74.882 Thread 0x00000209701af680 Exception <a 'sun/nio/fs/WindowsException'{0x00000000d5b3d448}> (0x00000000d5b3d448) 
thrown [s\src\hotspot\share\prims\jni.cpp, line 520]
Event: 74.883 Thread 0x00000209701af680 Exception <a 'sun/nio/fs/WindowsException'{0x00000000d5b40680}> (0x00000000d5b40680) 
thrown [s\src\hotspot\share\prims\jni.cpp, line 520]
Event: 74.883 Thread 0x00000209701af680 Exception <a 'sun/nio/fs/WindowsException'{0x00000000d5b40cd0}> (0x00000000d5b40cd0) 
thrown [s\src\hotspot\share\prims\jni.cpp, line 520]
Event: 74.899 Thread 0x00000209701af680 Exception <a 'sun/nio/fs/WindowsException'{0x00000000d5c5d068}> (0x00000000d5c5d068) 
thrown [s\src\hotspot\share\prims\jni.cpp, line 520]
Event: 74.899 Thread 0x00000209701af680 Exception <a 'sun/nio/fs/WindowsException'{0x00000000d5c5d968}> (0x00000000d5c5d968) 
thrown [s\src\hotspot\share\prims\jni.cpp, line 520]
Event: 74.936 Thread 0x00000209701af680 Exception <a 'java/lang/IncompatibleClassChangeError'{0x00000000d5cd7b00}: Found class java.lang.Object, but interface was expected> (0x00000000d5cd7b00) 
thrown [s\src\hotspot\share\interpreter\linkResolver.cpp, line 840]
Event: 75.241 Thread 0x000002096e7800e0 Implicit null exception at 0x000002091acf5fa8 to 0x000002091acf6c48
Event: 75.372 Thread 0x000002096e7800e0 Exception <a 'java/io/FileNotFoundException'{0x00000000d5719860}> (0x00000000d5719860) 
thrown [s\src\hotspot\share\prims\jni.cpp, line 520]
Event: 75.372 Thread 0x000002096e7800e0 Exception <a 'java/io/FileNotFoundException'{0x00000000d571a890}> (0x00000000d571a890) 
thrown [s\src\hotspot\share\prims\jni.cpp, line 520]
Event: 75.372 Thread 0x000002096e7800e0 Exception <a 'java/io/FileNotFoundException'{0x00000000d571ba00}> (0x00000000d571ba00) 
thrown [s\src\hotspot\share\prims\jni.cpp, line 520]
Event: 95835.092 Thread 0x00000209701af680 Exception <a 'java/lang/IncompatibleClassChangeError'{0x00000000d5adc9b0}: Found class java.lang.Object, but interface was expected> (0x00000000d5adc9b0) 
thrown [s\src\hotspot\share\interpreter\linkResolver.cpp, line 840]

ZGC Phase Switch (0 events):
No events

VM Operations (20 events):
Event: 94784.307 Executing VM operation: RendezvousGCThreads
Event: 94784.307 Executing VM operation: RendezvousGCThreads done
Event: 95144.977 Executing VM operation: HandshakeAllThreads (HandshakeForDeflation)
Event: 95144.977 Executing VM operation: HandshakeAllThreads (HandshakeForDeflation) done
Event: 95144.978 Executing VM operation: RendezvousGCThreads
Event: 95144.978 Executing VM operation: RendezvousGCThreads done
Event: 95835.600 Executing VM operation: Cleanup
Event: 95835.602 Executing VM operation: Cleanup done
Event: 95866.652 Executing VM operation: HandshakeAllThreads (HandshakeForDeflation)
Event: 95866.652 Executing VM operation: HandshakeAllThreads (HandshakeForDeflation) done
Event: 95866.652 Executing VM operation: RendezvousGCThreads
Event: 95866.652 Executing VM operation: RendezvousGCThreads done
Event: 96046.967 Executing VM operation: HandshakeAllThreads (HandshakeForDeflation)
Event: 96046.967 Executing VM operation: HandshakeAllThreads (HandshakeForDeflation) done
Event: 96046.967 Executing VM operation: RendezvousGCThreads
Event: 96046.967 Executing VM operation: RendezvousGCThreads done
Event: 96107.202 Executing VM operation: HandshakeAllThreads (HandshakeForDeflation)
Event: 96107.202 Executing VM operation: HandshakeAllThreads (HandshakeForDeflation) done
Event: 96107.202 Executing VM operation: RendezvousGCThreads
Event: 96107.202 Executing VM operation: RendezvousGCThreads done

Memory protections (0 events):
No events

Nmethod flushes (20 events):
Event: 67.643 Thread 0x000002090fb71470 flushing  nmethod 0x00000209134ce490
Event: 67.643 Thread 0x000002090fb71470 flushing  nmethod 0x0000020913502190
Event: 67.643 Thread 0x000002090fb71470 flushing  nmethod 0x0000020913502590
Event: 67.643 Thread 0x000002090fb71470 flushing  nmethod 0x0000020913502e90
Event: 67.643 Thread 0x000002090fb71470 flushing  nmethod 0x0000020913504090
Event: 67.643 Thread 0x000002090fb71470 flushing  nmethod 0x0000020913504c90
Event: 67.643 Thread 0x000002090fb71470 flushing  nmethod 0x0000020913505410
Event: 67.643 Thread 0x000002090fb71470 flushing  nmethod 0x0000020913506990
Event: 67.643 Thread 0x000002090fb71470 flushing  nmethod 0x0000020913506e90
Event: 67.643 Thread 0x000002090fb71470 flushing  nmethod 0x0000020913507690
Event: 67.643 Thread 0x000002090fb71470 flushing  nmethod 0x0000020913508f10
Event: 67.643 Thread 0x000002090fb71470 flushing  nmethod 0x0000020913509390
Event: 67.643 Thread 0x000002090fb71470 flushing  nmethod 0x000002091350a490
Event: 67.643 Thread 0x000002090fb71470 flushing  nmethod 0x000002091350bc10
Event: 67.643 Thread 0x000002090fb71470 flushing  nmethod 0x000002091352b610
Event: 67.643 Thread 0x000002090fb71470 flushing  nmethod 0x0000020913539990
Event: 67.643 Thread 0x000002090fb71470 flushing  nmethod 0x000002091354c990
Event: 67.643 Thread 0x000002090fb71470 flushing  nmethod 0x000002091354e090
Event: 67.643 Thread 0x000002090fb71470 flushing  nmethod 0x00000209135ee290
Event: 67.643 Thread 0x000002090fb71470 flushing  nmethod 0x00000209135eec90

Events (20 events):
Event: 70.145 Thread 0x00000209701ae960 Thread added: 0x00000209701b2470
Event: 71.025 Thread 0x0000020970864a00 Thread exited: 0x0000020970864a00
Event: 71.025 Thread 0x000002096eb35840 Thread exited: 0x000002096eb35840
Event: 73.881 Thread 0x000002090fbce710 Thread added: 0x00000209728ab8d0
Event: 74.114 Thread 0x00000209728ab8d0 Thread exited: 0x00000209728ab8d0
Event: 74.167 Thread 0x000002090fbab000 Thread added: 0x000002096d3cb7c0
Event: 74.187 Thread 0x000002096d3cb7c0 Thread added: 0x000002096d54daa0
Event: 80.801 Thread 0x000002096d54daa0 Thread exited: 0x000002096d54daa0
Event: 85.441 Thread 0x000002096d3cb7c0 Thread exited: 0x000002096d3cb7c0
Event: 134.935 Thread 0x000002096e77ed30 Thread exited: 0x000002096e77ed30
Event: 134.936 Thread 0x000002096e77d2f0 Thread exited: 0x000002096e77d2f0
Event: 135.028 Thread 0x000002096e77f3c0 Thread exited: 0x000002096e77f3c0
Event: 135.028 Thread 0x000002096e77e6a0 Thread exited: 0x000002096e77e6a0
Event: 135.105 Thread 0x00000209701b0a30 Thread exited: 0x00000209701b0a30
Event: 195.106 Thread 0x00000209701afd10 Thread exited: 0x00000209701afd10
Event: 255.121 Thread 0x00000209701b1de0 Thread exited: 0x00000209701b1de0
Event: 315.128 Thread 0x00000209701b2470 Thread exited: 0x00000209701b2470
Event: 375.141 Thread 0x00000209701b1750 Thread exited: 0x00000209701b1750
Event: 435.146 Thread 0x00000209701b03a0 Thread exited: 0x00000209701b03a0
Event: 495.147 Thread 0x00000209701ae960 Thread exited: 0x00000209701ae960


Dynamic libraries:
0x00007ff65b4b0000 - 0x00007ff65b4be000 	c:\Users\user\.windsurf\extensions\redhat.java-1.47.0-win32-x64\jre\21.0.8-win32-x86_64\bin\java.exe
0x00007ffd2e5c0000 - 0x00007ffd2e828000 	C:\WINDOWS\SYSTEM32\ntdll.dll
0x00007ffd2e060000 - 0x00007ffd2e129000 	C:\WINDOWS\System32\KERNEL32.DLL
0x00007ffd2be40000 - 0x00007ffd2c232000 	C:\WINDOWS\System32\KERNELBASE.dll
0x00007ffd2c240000 - 0x00007ffd2c38b000 	C:\WINDOWS\System32\ucrtbase.dll
0x00007ffcefb50000 - 0x00007ffcefb68000 	c:\Users\user\.windsurf\extensions\redhat.java-1.47.0-win32-x64\jre\21.0.8-win32-x86_64\bin\jli.dll
0x00007ffd2dd40000 - 0x00007ffd2df05000 	C:\WINDOWS\System32\USER32.dll
0x00007ffd2bb00000 - 0x00007ffd2bb27000 	C:\WINDOWS\System32\win32u.dll
0x00007ffd2e4f0000 - 0x00007ffd2e51b000 	C:\WINDOWS\System32\GDI32.dll
0x00007ffd2bb30000 - 0x00007ffd2bc5d000 	C:\WINDOWS\System32\gdi32full.dll
0x00007ffd2bcf0000 - 0x00007ffd2bd93000 	C:\WINDOWS\System32\msvcp_win.dll
0x00007ffcedd70000 - 0x00007ffcedd8e000 	c:\Users\user\.windsurf\extensions\redhat.java-1.47.0-win32-x64\jre\21.0.8-win32-x86_64\bin\VCRUNTIME140.dll
0x00007ffd16fd0000 - 0x00007ffd17263000 	C:\WINDOWS\WinSxS\amd64_microsoft.windows.common-controls_6595b64144ccf1df_6.0.26100.6899_none_3e0efeeae32e88c1\COMCTL32.dll
0x00007ffd2cc00000 - 0x00007ffd2cca9000 	C:\WINDOWS\System32\msvcrt.dll
0x00007ffd2df20000 - 0x00007ffd2df4f000 	C:\WINDOWS\System32\IMM32.DLL
0x00007ffd11410000 - 0x00007ffd1141c000 	c:\Users\user\.windsurf\extensions\redhat.java-1.47.0-win32-x64\jre\21.0.8-win32-x86_64\bin\vcruntime140_1.dll
0x00007ffcd4070000 - 0x00007ffcd40fd000 	c:\Users\user\.windsurf\extensions\redhat.java-1.47.0-win32-x64\jre\21.0.8-win32-x86_64\bin\msvcp140.dll
0x00007ffc4c8b0000 - 0x00007ffc4d647000 	c:\Users\user\.windsurf\extensions\redhat.java-1.47.0-win32-x64\jre\21.0.8-win32-x86_64\bin\server\jvm.dll
0x00007ffd2c390000 - 0x00007ffd2c444000 	C:\WINDOWS\System32\ADVAPI32.dll
0x00007ffd2c640000 - 0x00007ffd2c6e6000 	C:\WINDOWS\System32\sechost.dll
0x00007ffd2c520000 - 0x00007ffd2c638000 	C:\WINDOWS\System32\RPCRT4.dll
0x00007ffd2cb80000 - 0x00007ffd2cbf4000 	C:\WINDOWS\System32\WS2_32.dll
0x00007ffd2b5b0000 - 0x00007ffd2b60e000 	C:\WINDOWS\SYSTEM32\POWRPROF.dll
0x00007ffd173b0000 - 0x00007ffd173e5000 	C:\WINDOWS\SYSTEM32\WINMM.dll
0x00007ffd1e8c0000 - 0x00007ffd1e8cb000 	C:\WINDOWS\SYSTEM32\VERSION.dll
0x00007ffd2b590000 - 0x00007ffd2b5a4000 	C:\WINDOWS\SYSTEM32\UMPDC.dll
0x00007ffd2a4e0000 - 0x00007ffd2a4fb000 	C:\WINDOWS\SYSTEM32\kernel.appcore.dll
0x00007ffd06480000 - 0x00007ffd0648a000 	c:\Users\user\.windsurf\extensions\redhat.java-1.47.0-win32-x64\jre\21.0.8-win32-x86_64\bin\jimage.dll
0x00007ffd28db0000 - 0x00007ffd28ff2000 	C:\WINDOWS\SYSTEM32\DBGHELP.DLL
0x00007ffd2d0a0000 - 0x00007ffd2d41b000 	C:\WINDOWS\System32\combase.dll
0x00007ffd2d420000 - 0x00007ffd2d4f7000 	C:\WINDOWS\System32\OLEAUT32.dll
0x00007ffd07280000 - 0x00007ffd072bc000 	C:\WINDOWS\SYSTEM32\dbgcore.DLL
0x00007ffd2bda0000 - 0x00007ffd2be38000 	C:\WINDOWS\System32\bcryptPrimitives.dll
0x00007ffd063b0000 - 0x00007ffd063bf000 	c:\Users\user\.windsurf\extensions\redhat.java-1.47.0-win32-x64\jre\21.0.8-win32-x86_64\bin\instrument.dll
0x00007ffcf0b80000 - 0x00007ffcf0b9f000 	c:\Users\user\.windsurf\extensions\redhat.java-1.47.0-win32-x64\jre\21.0.8-win32-x86_64\bin\java.dll
0x00007ffd2d5f0000 - 0x00007ffd2dd3d000 	C:\WINDOWS\System32\SHELL32.dll
0x00007ffd2b990000 - 0x00007ffd2bafb000 	C:\WINDOWS\System32\wintypes.dll
0x00007ffd29360000 - 0x00007ffd29bbd000 	C:\WINDOWS\SYSTEM32\windows.storage.dll
0x00007ffd2cfa0000 - 0x00007ffd2d092000 	C:\WINDOWS\System32\SHCORE.dll
0x00007ffd2d580000 - 0x00007ffd2d5e2000 	C:\WINDOWS\System32\shlwapi.dll
0x00007ffd2b670000 - 0x00007ffd2b699000 	C:\WINDOWS\SYSTEM32\profapi.dll
0x00007ffce7690000 - 0x00007ffce76a8000 	c:\Users\user\.windsurf\extensions\redhat.java-1.47.0-win32-x64\jre\21.0.8-win32-x86_64\bin\zip.dll
0x00007ffd05b20000 - 0x00007ffd05b30000 	C:\Users\user\.windsurf\extensions\redhat.java-1.47.0-win32-x64\jre\21.0.8-win32-x86_64\bin\net.dll
0x00007ffd25d00000 - 0x00007ffd25e1f000 	C:\WINDOWS\SYSTEM32\WINHTTP.dll
0x00007ffd2aa30000 - 0x00007ffd2aa9b000 	C:\WINDOWS\system32\mswsock.dll
0x00007ffce40f0000 - 0x00007ffce4106000 	C:\Users\user\.windsurf\extensions\redhat.java-1.47.0-win32-x64\jre\21.0.8-win32-x86_64\bin\nio.dll
0x00007ffd025e0000 - 0x00007ffd025f0000 	c:\Users\user\.windsurf\extensions\redhat.java-1.47.0-win32-x64\jre\21.0.8-win32-x86_64\bin\verify.dll
0x00007ffcd3ec0000 - 0x00007ffcd3f04000 	C:\Users\user\AppData\Roaming\Windsurf\User\globalStorage\redhat.java\1.47.0\config_win\org.eclipse.equinox.launcher\org.eclipse.equinox.launcher.win32.win32.x86_64_1.2.1400.v20250801-0854\eclipse_11916.dll
0x00007ffd2e1b0000 - 0x00007ffd2e348000 	C:\WINDOWS\System32\ole32.dll
0x00007ffd2ae10000 - 0x00007ffd2ae2b000 	C:\WINDOWS\SYSTEM32\CRYPTSP.dll
0x00007ffd2a440000 - 0x00007ffd2a47b000 	C:\WINDOWS\system32\rsaenh.dll
0x00007ffd2aad0000 - 0x00007ffd2aafb000 	C:\WINDOWS\SYSTEM32\USERENV.dll
0x00007ffd2b640000 - 0x00007ffd2b666000 	C:\WINDOWS\SYSTEM32\bcrypt.dll
0x00007ffd2ac70000 - 0x00007ffd2ac7c000 	C:\WINDOWS\SYSTEM32\CRYPTBASE.dll
0x00007ffd29f30000 - 0x00007ffd29f64000 	C:\WINDOWS\SYSTEM32\IPHLPAPI.DLL
0x00007ffd2e360000 - 0x00007ffd2e36a000 	C:\WINDOWS\System32\NSI.dll
0x00007ffcc4c60000 - 0x00007ffcc4ca9000 	C:\Users\user\AppData\Local\Temp\jna-3599307\jna15821835541912654935.dll
0x00007ffd2df10000 - 0x00007ffd2df18000 	C:\WINDOWS\System32\PSAPI.DLL
0x00007ffd25ee0000 - 0x00007ffd25efe000 	C:\WINDOWS\SYSTEM32\dhcpcsvc6.DLL
0x00007ffd25eb0000 - 0x00007ffd25ed3000 	C:\WINDOWS\SYSTEM32\dhcpcsvc.DLL

JVMTI agents:
c:\Users\user\.windsurf\extensions\redhat.java-1.47.0-win32-x64\lombok\lombok-1.18.39-4050.jar path:c:\Users\user\.windsurf\extensions\redhat.java-1.47.0-win32-x64\jre\21.0.8-win32-x86_64\bin\instrument.dll, loaded, initialized, instrumentlib options:none

dbghelp: loaded successfully - version: 4.0.5 - missing functions: none
symbol engine: initialized successfully - sym options: 0x614 - pdb path: .;c:\Users\user\.windsurf\extensions\redhat.java-1.47.0-win32-x64\jre\21.0.8-win32-x86_64\bin;C:\WINDOWS\SYSTEM32;C:\WINDOWS\WinSxS\amd64_microsoft.windows.common-controls_6595b64144ccf1df_6.0.26100.6899_none_3e0efeeae32e88c1;c:\Users\user\.windsurf\extensions\redhat.java-1.47.0-win32-x64\jre\21.0.8-win32-x86_64\bin\server;C:\Users\user\AppData\Roaming\Windsurf\User\globalStorage\redhat.java\1.47.0\config_win\org.eclipse.equinox.launcher\org.eclipse.equinox.launcher.win32.win32.x86_64_1.2.1400.v20250801-0854;C:\Users\user\AppData\Local\Temp\jna-3599307

VM Arguments:
jvm_args: --add-modules=ALL-SYSTEM --add-opens=java.base/java.util=ALL-UNNAMED --add-opens=java.base/java.lang=ALL-UNNAMED --add-opens=java.base/sun.nio.fs=ALL-UNNAMED -Declipse.application=org.eclipse.jdt.ls.core.id1 -Dosgi.bundles.defaultStartLevel=4 -Declipse.product=org.eclipse.jdt.ls.core.product -Djava.import.generatesMetadataFilesAtProjectRoot=false -DDetectVMInstallationsJob.disabled=true -Dfile.encoding=utf8 -XX:+UseParallelGC -XX:GCTimeRatio=4 -XX:AdaptiveSizePolicyWeight=90 -Dsun.zip.disableMemoryMapping=true -Xmx2G -Xms100m -Xlog:disable -javaagent:c:\Users\user\.windsurf\extensions\redhat.java-1.47.0-win32-x64\lombok\lombok-1.18.39-4050.jar -XX:+HeapDumpOnOutOfMemoryError -XX:HeapDumpPath=c:\Users\user\AppData\Roaming\Windsurf\User\workspaceStorage\7b5274296681edee54822878c8d17cec\redhat.java -Daether.dependencyCollector.impl=bf 
java_command: c:\Users\user\.windsurf\extensions\redhat.java-1.47.0-win32-x64\server\plugins\org.eclipse.equinox.launcher_1.7.100.v20251014-1222.jar -configuration c:\Users\user\AppData\Roaming\Windsurf\User\globalStorage\redhat.java\1.47.0\config_win -data c:\Users\user\AppData\Roaming\Windsurf\User\workspaceStorage\7b5274296681edee54822878c8d17cec\redhat.java\jdt_ws --pipe=\\.\pipe\lsp-3aee655e9c472577860276eb9f4d2d70-sock
java_class_path (initial): c:\Users\user\.windsurf\extensions\redhat.java-1.47.0-win32-x64\server\plugins\org.eclipse.equinox.launcher_1.7.100.v20251014-1222.jar
Launcher Type: SUN_STANDARD

[Global flags]
    uintx AdaptiveSizePolicyWeight                 = 90                                        {product} {command line}
     intx CICompilerCount                          = 4                                         {product} {ergonomic}
    uintx GCTimeRatio                              = 4                                         {product} {command line}
     bool HeapDumpOnOutOfMemoryError               = true                                   {manageable} {command line}
    ccstr HeapDumpPath                             = c:\Users\user\AppData\Roaming\Windsurf\User\workspaceStorage\7b5274296681edee54822878c8d17cec\redhat.java         {manageable} {command line}
   size_t InitialHeapSize                          = 104857600                                 {product} {command line}
   size_t MaxHeapSize                              = 2147483648                                {product} {command line}
   size_t MaxNewSize                               = 715653120                                 {product} {ergonomic}
   size_t MinHeapDeltaBytes                        = 524288                                    {product} {ergonomic}
   size_t MinHeapSize                              = 104857600                                 {product} {command line}
   size_t NewSize                                  = 34603008                                  {product} {ergonomic}
    uintx NonNMethodCodeHeapSize                   = 5839372                                {pd product} {ergonomic}
    uintx NonProfiledCodeHeapSize                  = 122909434                              {pd product} {ergonomic}
   size_t OldSize                                  = 70254592                                  {product} {ergonomic}
    uintx ProfiledCodeHeapSize                     = 122909434                              {pd product} {ergonomic}
    uintx ReservedCodeCacheSize                    = 251658240                              {pd product} {ergonomic}
     bool SegmentedCodeCache                       = true                                      {product} {ergonomic}
   size_t SoftMaxHeapSize                          = 2147483648                             {manageable} {ergonomic}
     bool UseCompressedOops                        = true                           {product lp64_product} {ergonomic}
     bool UseLargePagesIndividualAllocation        = false                                  {pd product} {ergonomic}
     bool UseParallelGC                            = true                                      {product} {command line}

Logging:
Log output configuration:
 #0: stdout all=off uptime,level,tags foldmultilines=false
 #1: stderr all=off uptime,level,tags foldmultilines=false

Environment Variables:
PATH=C:\Python312\Scripts\;C:\Python312\;C:\Program Files (x86)\VMware\VMware Workstation\bin\;C:\Program Files\Common Files\Oracle\Java\javapath;C:\oraclexe\app\oracle\product\11.2.0\server\bin;C:\Program Files (x86)\Common Files\Oracle\Java\javapath;C:\Windows\system32;C:\Windows;C:\Windows\System32\Wbem;C:\Windows\System32\WindowsPowerShell\v1.0\;C:\Windows\System32\OpenSSH\;C:\Program Files (x86)\NVIDIA Corporation\PhysX\Common;C:\Program Files\NVIDIA Corporation\NVIDIA NvDLISR;C:\WINDOWS\system32;C:\WINDOWS;C:\WINDOWS\System32\Wbem;C:\WINDOWS\System32\WindowsPowerShell\v1.0\;C:\WINDOWS\System32\OpenSSH\;C:\Program Files\Microsoft SQL Server\150\Tools\Binn\;C:\Program Files\Microsoft SQL Server\Client SDK\ODBC\170\Tools\Binn\;C:\Program Files\dotnet\;C:\ProgramData\chocolatey\bin;C:\Program Files\Git\cmd;C:\Users\user\AppData\Roaming\nvm;C:\Program Files\nodejs;C:\Program Files\nodejs\;C:\Program Files\Docker\Docker\resources\bin;C:\Users\user\AppData\Local\Microsoft\WindowsApps;C:\Program Files\Java\jdk1.8.0_301\bin;C:\Program Files\JetBrains\IntelliJ IDEA 2023.2.2\bin;;C:\Users\user\.dotnet\tools;C:\altera\13.1\modelsim_ase\win32aloem;C:\Users\user\AppData\Roaming\nvm;C:\Program Files\nodejs;C:\Users\user\AppData\Local\Programs\Microsoft VS Code\bin;C:\Users\user\AppData\Roaming\npm;C:\Users\user\AppData\Local\Programs\Windsurf\bin
USERNAME=user
OS=Windows_NT
PROCESSOR_IDENTIFIER=Intel64 Family 6 Model 140 Stepping 1, GenuineIntel
TMP=C:\Users\user\AppData\Local\Temp
TEMP=C:\Users\user\AppData\Local\Temp




Periodic native trim disabled

---------------  S Y S T E M  ---------------

OS:
 Windows 11 , 64 bit Build 26100 (10.0.26100.6725)
OS uptime: 1 days 21:05 hours
Hyper-V role detected

CPU: total 8 (initial active 8) (4 cores per cpu, 2 threads per core) family 6 model 140 stepping 1 microcode 0x9a, cx8, cmov, fxsr, ht, mmx, 3dnowpref, sse, sse2, sse3, ssse3, sse4.1, sse4.2, popcnt, lzcnt, tsc, tscinvbit, avx, avx2, aes, erms, clmul, bmi1, bmi2, adx, avx512f, avx512dq, avx512cd, avx512bw, avx512vl, sha, fma, vzeroupper, avx512_vpopcntdq, avx512_vpclmulqdq, avx512_vaes, avx512_vnni, clflush, clflushopt, clwb, avx512_vbmi2, avx512_vbmi, hv, rdtscp, rdpid, fsrm, gfni, avx512_bitalg, f16c, cet_ibt, cet_ss, avx512_ifma
Processor Information for processor 0
  Max Mhz: 2803, Current Mhz: 1201, Mhz Limit: 2803
Processor Information for processor 1
  Max Mhz: 2803, Current Mhz: 1201, Mhz Limit: 2803
Processor Information for processor 2
  Max Mhz: 2803, Current Mhz: 1201, Mhz Limit: 2803
Processor Information for processor 3
  Max Mhz: 2803, Current Mhz: 1201, Mhz Limit: 2803
Processor Information for processor 4
  Max Mhz: 2803, Current Mhz: 2803, Mhz Limit: 2803
Processor Information for processor 5
  Max Mhz: 2803, Current Mhz: 1201, Mhz Limit: 2803
Processor Information for processor 6
  Max Mhz: 2803, Current Mhz: 2803, Mhz Limit: 2803
Processor Information for processor 7
  Max Mhz: 2803, Current Mhz: 1201, Mhz Limit: 2803

Memory: 4k page, system-wide physical 16167M (1114M free)
TotalPageFile size 52846M (AvailPageFile size 263M)
current process WorkingSet (physical memory assigned to process): 8M, peak: 290M
current process commit charge ("private bytes"): 324M, peak: 389M

vm_info: OpenJDK 64-Bit Server VM (21.0.8+9-LTS) for windows-amd64 JRE (21.0.8+9-LTS), built on 2025-07-15T00:00:00Z by "admin" with MS VC++ 17.7 (VS2022)

END.
